[13:04:35] [main/INFO] [GradleStart]: Extra: []
[13:04:35] [main/INFO] [GradleStart]: Running with arguments: [--userProperties, {}, --assetsDir, C:/Users/Kodaichi/.gradle/caches/minecraft/assets, --assetIndex, 1.12, --accessToken{REDACTED}, --version, 1.12.2, --tweakClass, net.minecraftforge.fml.common.launcher.FMLTweaker, --tweakClass, net.minecraftforge.gradle.tweakers.CoremodTweaker]
[13:04:35] [main/INFO] [LaunchWrapper]: Loading tweak class name net.minecraftforge.fml.common.launcher.FMLTweaker
[13:04:35] [main/INFO] [LaunchWrapper]: Using primary tweak class name net.minecraftforge.fml.common.launcher.FMLTweaker
[13:04:35] [main/INFO] [LaunchWrapper]: Loading tweak class name net.minecraftforge.gradle.tweakers.CoremodTweaker
[13:04:35] [main/INFO] [LaunchWrapper]: Calling tweak class net.minecraftforge.fml.common.launcher.FMLTweaker
[13:04:35] [main/DEBUG] [FML]: Injecting tracing printstreams for STDOUT/STDERR.
[13:04:35] [main/INFO] [FML]: Forge Mod Loader version 14.23.5.2768 for Minecraft 1.12.2 loading
[13:04:35] [main/INFO] [FML]: Java is Java HotSpot(TM) 64-Bit Server VM, version 1.8.0_152, running on Windows 10:amd64:10.0, installed at C:\Program Files\Java\jdk1.8.0_152\jre
[13:04:35] [main/DEBUG] [FML]: Java classpath at launch is:
[13:04:35] [main/DEBUG] [FML]:     F:\Kodaichi Userfiles\Creativity\Programming\Eclipse 2019\1.12.2 Modding\TutorialMod\bin
[13:04:35] [main/DEBUG] [FML]:     C:\Users\Kodaichi\.gradle\caches\minecraft\net\minecraftforge\forge\1.12.2-14.23.5.2768\snapshot\20171003\forgeSrc-1.12.2-14.23.5.2768.jar
[13:04:35] [main/DEBUG] [FML]:     C:\Users\Kodaichi\.gradle\caches\modules-2\files-2.1\com.google.code.findbugs\jsr305\3.0.1\f7be08ec23c21485b9b5a1cf1654c2ec8c58168d\jsr305-3.0.1.jar
[13:04:35] [main/DEBUG] [FML]:     C:\Users\Kodaichi\.gradle\caches\modules-2\files-2.1\com.mojang\patchy\1.1\aef610b34a1be37fa851825f12372b78424d8903\patchy-1.1.jar
[13:04:35] [main/DEBUG] [FML]:     C:\Users\Kodaichi\.gradle\caches\modules-2\files-2.1\oshi-project\oshi-core\1.1\9ddf7b048a8d701be231c0f4f95fd986198fd2d8\oshi-core-1.1.jar
[13:04:35] [main/DEBUG] [FML]:     C:\Users\Kodaichi\.gradle\caches\modules-2\files-2.1\net.java.dev.jna\jna\4.4.0\cb208278274bf12ebdb56c61bd7407e6f774d65a\jna-4.4.0.jar
[13:04:35] [main/DEBUG] [FML]:     C:\Users\Kodaichi\.gradle\caches\modules-2\files-2.1\net.java.dev.jna\platform\3.4.0\e3f70017be8100d3d6923f50b3d2ee17714e9c13\platform-3.4.0.jar
[13:04:35] [main/DEBUG] [FML]:     C:\Users\Kodaichi\.gradle\caches\modules-2\files-2.1\com.ibm.icu\icu4j-core-mojang\51.2\63d216a9311cca6be337c1e458e587f99d382b84\icu4j-core-mojang-51.2.jar
[13:04:35] [main/DEBUG] [FML]:     C:\Users\Kodaichi\.gradle\caches\modules-2\files-2.1\net.sf.jopt-simple\jopt-simple\5.0.3\cdd846cfc4e0f7eefafc02c0f5dce32b9303aa2a\jopt-simple-5.0.3.jar
[13:04:35] [main/DEBUG] [FML]:     C:\Users\Kodaichi\.gradle\caches\modules-2\files-2.1\io.netty\netty-all\4.1.9.Final\97860965d6a0a6b98e7f569f3f966727b8db75\netty-all-4.1.9.Final.jar
[13:04:35] [main/DEBUG] [FML]:     C:\Users\Kodaichi\.gradle\caches\modules-2\files-2.1\com.google.guava\guava\21.0\3a3d111be1be1b745edfa7d91678a12d7ed38709\guava-21.0.jar
[13:04:35] [main/DEBUG] [FML]:     C:\Users\Kodaichi\.gradle\caches\modules-2\files-2.1\org.apache.commons\commons-lang3\3.5\6c6c702c89bfff3cd9e80b04d668c5e190d588c6\commons-lang3-3.5.jar
[13:04:35] [main/DEBUG] [FML]:     C:\Users\Kodaichi\.gradle\caches\modules-2\files-2.1\commons-io\commons-io\2.5\2852e6e05fbb95076fc091f6d1780f1f8fe35e0f\commons-io-2.5.jar
[13:04:35] [main/DEBUG] [FML]:     C:\Users\Kodaichi\.gradle\caches\modules-2\files-2.1\commons-codec\commons-codec\1.10\4b95f4897fa13f2cd904aee711aeafc0c5295cd8\commons-codec-1.10.jar
[13:04:35] [main/DEBUG] [FML]:     C:\Users\Kodaichi\.gradle\caches\modules-2\files-2.1\net.java.jutils\jutils\1.0.0\e12fe1fda814bd348c1579329c86943d2cd3c6a6\jutils-1.0.0.jar
[13:04:35] [main/DEBUG] [FML]:     C:\Users\Kodaichi\.gradle\caches\modules-2\files-2.1\com.google.code.gson\gson\2.8.0\c4ba5371a29ac9b2ad6129b1d39ea38750043eff\gson-2.8.0.jar
[13:04:35] [main/DEBUG] [FML]:     C:\Users\Kodaichi\.gradle\caches\modules-2\files-2.1\com.mojang\authlib\1.5.25\9834cdf236c22e84b946bba989e2f94ef5897c3c\authlib-1.5.25.jar
[13:04:35] [main/DEBUG] [FML]:     C:\Users\Kodaichi\.gradle\caches\modules-2\files-2.1\com.mojang\realms\1.10.22\bd0dccebdf3744c75f1ca20063f16e8f7d5e663f\realms-1.10.22.jar
[13:04:35] [main/DEBUG] [FML]:     C:\Users\Kodaichi\.gradle\caches\modules-2\files-2.1\org.apache.commons\commons-compress\1.8.1\a698750c16740fd5b3871425f4cb3bbaa87f529d\commons-compress-1.8.1.jar
[13:04:35] [main/DEBUG] [FML]:     C:\Users\Kodaichi\.gradle\caches\modules-2\files-2.1\org.apache.httpcomponents\httpclient\4.3.3\18f4247ff4572a074444572cee34647c43e7c9c7\httpclient-4.3.3.jar
[13:04:35] [main/DEBUG] [FML]:     C:\Users\Kodaichi\.gradle\caches\modules-2\files-2.1\commons-logging\commons-logging\1.1.3\f6f66e966c70a83ffbdb6f17a0919eaf7c8aca7f\commons-logging-1.1.3.jar
[13:04:35] [main/DEBUG] [FML]:     C:\Users\Kodaichi\.gradle\caches\modules-2\files-2.1\org.apache.httpcomponents\httpcore\4.3.2\31fbbff1ddbf98f3aa7377c94d33b0447c646b6e\httpcore-4.3.2.jar
[13:04:35] [main/DEBUG] [FML]:     C:\Users\Kodaichi\.gradle\caches\modules-2\files-2.1\it.unimi.dsi\fastutil\7.1.0\9835253257524c1be7ab50c057aa2d418fb72082\fastutil-7.1.0.jar
[13:04:35] [main/DEBUG] [FML]:     C:\Users\Kodaichi\.gradle\caches\modules-2\files-2.1\org.apache.logging.log4j\log4j-api\2.8.1\e801d13612e22cad62a3f4f3fe7fdbe6334a8e72\log4j-api-2.8.1.jar
[13:04:35] [main/DEBUG] [FML]:     C:\Users\Kodaichi\.gradle\caches\modules-2\files-2.1\org.apache.logging.log4j\log4j-core\2.8.1\4ac28ff2f1ddf05dae3043a190451e8c46b73c31\log4j-core-2.8.1.jar
[13:04:35] [main/DEBUG] [FML]:     C:\Users\Kodaichi\.gradle\caches\modules-2\files-2.1\com.mojang\text2speech\1.10.3\48fd510879dff266c3815947de66e3d4809f8668\text2speech-1.10.3.jar
[13:04:35] [main/DEBUG] [FML]:     C:\Users\Kodaichi\.gradle\caches\modules-2\files-2.1\net.minecraft\launchwrapper\1.12\111e7bea9c968cdb3d06ef4632bf7ff0824d0f36\launchwrapper-1.12.jar
[13:04:35] [main/DEBUG] [FML]:     C:\Users\Kodaichi\.gradle\caches\modules-2\files-2.1\org.jline\jline\3.5.1\51800e9d7a13608894a5a28eed0f5c7fa2f300fb\jline-3.5.1.jar
[13:04:35] [main/DEBUG] [FML]:     C:\Users\Kodaichi\.gradle\caches\modules-2\files-2.1\org.ow2.asm\asm-debug-all\5.2\3354e11e2b34215f06dab629ab88e06aca477c19\asm-debug-all-5.2.jar
[13:04:35] [main/DEBUG] [FML]:     C:\Users\Kodaichi\.gradle\caches\modules-2\files-2.1\com.typesafe.akka\akka-actor_2.11\2.3.3\ed62e9fc709ca0f2ff1a3220daa8b70a2870078e\akka-actor_2.11-2.3.3.jar
[13:04:35] [main/DEBUG] [FML]:     C:\Users\Kodaichi\.gradle\caches\modules-2\files-2.1\com.typesafe\config\1.2.1\f771f71fdae3df231bcd54d5ca2d57f0bf93f467\config-1.2.1.jar
[13:04:35] [main/DEBUG] [FML]:     C:\Users\Kodaichi\.gradle\caches\modules-2\files-2.1\org.scala-lang\scala-actors-migration_2.11\1.1.0\dfa8bc42b181d5b9f1a5dd147f8ae308b893eb6f\scala-actors-migration_2.11-1.1.0.jar
[13:04:35] [main/DEBUG] [FML]:     C:\Users\Kodaichi\.gradle\caches\modules-2\files-2.1\org.scala-lang\scala-compiler\2.11.1\56ea2e6c025e0821f28d73ca271218b8dd04926a\scala-compiler-2.11.1.jar
[13:04:35] [main/DEBUG] [FML]:     C:\Users\Kodaichi\.gradle\caches\modules-2\files-2.1\org.scala-lang.plugins\scala-continuations-library_2.11\1.0.2\e517c53a7e9acd6b1668c5a35eccbaa3bab9aac\scala-continuations-library_2.11-1.0.2.jar
[13:04:35] [main/DEBUG] [FML]:     C:\Users\Kodaichi\.gradle\caches\modules-2\files-2.1\org.scala-lang.plugins\scala-continuations-plugin_2.11.1\1.0.2\f361a3283452c57fa30c1ee69448995de23c60f7\scala-continuations-plugin_2.11.1-1.0.2.jar
[13:04:35] [main/DEBUG] [FML]:     C:\Users\Kodaichi\.gradle\caches\modules-2\files-2.1\org.scala-lang\scala-library\2.11.1\e11da23da3eabab9f4777b9220e60d44c1aab6a\scala-library-2.11.1.jar
[13:04:35] [main/DEBUG] [FML]:     C:\Users\Kodaichi\.gradle\caches\modules-2\files-2.1\org.scala-lang.modules\scala-parser-combinators_2.11\1.0.1\f05d7345bf5a58924f2837c6c1f4d73a938e1ff0\scala-parser-combinators_2.11-1.0.1.jar
[13:04:35] [main/